<?xml version="1.0" encoding="UTF-8"?>
<testsuite name="hk.ust.comp3021.EvaluatorTest" tests="2" skipped="0" failures="0" errors="0" timestamp="2024-11-26T15:07:11" hostname="HenrydeAir-3" time="3.733">
  <properties/>
  <testcase name="[1] hk.ust.comp3021.ParEvaluator@4b45a2f5" classname="hk.ust.comp3021.EvaluatorTest" time="0.023"/>
  <testcase name="[1] hk.ust.comp3021.ParEvaluator@4f32a3ad" classname="hk.ust.comp3021.EvaluatorTest" time="3.705"/>
  <system-out><![CDATA[]]></system-out>
  <system-err><![CDATA[]]></system-err>
</testsuite>
