<?xml version="1.0" encoding="UTF-8"?>
<testsuite name="hk.ust.comp3021.SimpleScalar" tests="3" skipped="0" failures="0" errors="0" timestamp="2024-11-06T05:09:46" hostname="HenrydeMacBook-Air-3.local" time="0.021">
  <properties/>
  <testcase name="binary()" classname="hk.ust.comp3021.SimpleScalar" time="0.017"/>
  <testcase name="dag()" classname="hk.ust.comp3021.SimpleScalar" time="0.001"/>
  <testcase name="unary()" classname="hk.ust.comp3021.SimpleScalar" time="0.001"/>
  <system-out><![CDATA[]]></system-out>
  <system-err><![CDATA[]]></system-err>
</testsuite>
