<?xml version="1.0" encoding="UTF-8"?>
<testsuite name="hk.ust.comp3021.TaskPoolTest" tests="3" skipped="0" failures="0" errors="0" timestamp="2024-11-24T14:55:24" hostname="HenrydeAir-3" time="1.102">
  <properties/>
  <testcase name="TestSimple2()" classname="hk.ust.comp3021.TaskPoolTest" time="0.533"/>
  <testcase name="TestTerminate()" classname="hk.ust.comp3021.TaskPoolTest" time="0.106"/>
  <testcase name="TestSimple()" classname="hk.ust.comp3021.TaskPoolTest" time="0.461"/>
  <system-out><![CDATA[]]></system-out>
  <system-err><![CDATA[]]></system-err>
</testsuite>
